  ЛБ1.cpp
D:\Навчання\ЛБ1\ЛБ1.cpp(57,15): warning C4244: аргумент: преобразование "time_t" в "unsigned int", возможна потеря данных
D:\Навчання\ЛБ1\ЛБ1.cpp(127,57): error C2601: lenght: недопустимые локальные определения функций
D:\Навчання\ЛБ1\ЛБ1.cpp(126): message : эта строка содержит скобку "{", которая пока не имеет парной
D:\Навчання\ЛБ1\ЛБ1.cpp(136,59): error C2601: create: недопустимые локальные определения функций
D:\Навчання\ЛБ1\ЛБ1.cpp(126): message : эта строка содержит скобку "{", которая пока не имеет парной
D:\Навчання\ЛБ1\ЛБ1.cpp(147,17): error C2601: main: недопустимые локальные определения функций
D:\Навчання\ЛБ1\ЛБ1.cpp(126): message : эта строка содержит скобку "{", которая пока не имеет парной
D:\Навчання\ЛБ1\ЛБ1.cpp(149,25): error C3861: lenght: идентификатор не найден
D:\Навчання\ЛБ1\ЛБ1.cpp(150,19): error C3861: create: идентификатор не найден
D:\Навчання\ЛБ1\ЛБ1.cpp(151,24): error C2672: "begin": не найдена соответствующая перегруженная функция
D:\Навчання\ЛБ1\ЛБ1.cpp(151,1): error C2893: Сбой при специализации функции-шаблона "unknown-type std::begin(_Container &)".
C:\Program Files (x86)\Microsoft Visual Studio\2019\Enterprise\VC\Tools\MSVC\14.29.30133\include\xutility(1844): message : см. объявление "std::begin"
D:\Навчання\ЛБ1\ЛБ1.cpp(151,1): message : Со следующими аргументами шаблона:
D:\Навчання\ЛБ1\ЛБ1.cpp(151,1): message : "_Container=unknown-type"
D:\Навчання\ЛБ1\ЛБ1.cpp(151,1): error C2784: const _Elem *std::begin(std::initializer_list<_Elem>) noexcept: не удалось вывести аргумент шаблон для "std::initializer_list<_Elem>" из "unknown-type"
C:\Program Files (x86)\Microsoft Visual Studio\2019\Enterprise\VC\Tools\MSVC\14.29.30133\include\initializer_list(55): message : см. объявление "std::begin"
D:\Навчання\ЛБ1\ЛБ1.cpp(151,24): error C2672: "end": не найдена соответствующая перегруженная функция
D:\Навчання\ЛБ1\ЛБ1.cpp(151,1): error C2893: Сбой при специализации функции-шаблона "unknown-type std::end(_Container &)".
C:\Program Files (x86)\Microsoft Visual Studio\2019\Enterprise\VC\Tools\MSVC\14.29.30133\include\xutility(1854): message : см. объявление "std::end"
D:\Навчання\ЛБ1\ЛБ1.cpp(151,1): message : Со следующими аргументами шаблона:
D:\Навчання\ЛБ1\ЛБ1.cpp(151,1): message : "_Container=unknown-type"
D:\Навчання\ЛБ1\ЛБ1.cpp(151,1): error C2784: const _Elem *std::end(std::initializer_list<_Elem>) noexcept: не удалось вывести аргумент шаблон для "std::initializer_list<_Elem>" из "unknown-type"
C:\Program Files (x86)\Microsoft Visual Studio\2019\Enterprise\VC\Tools\MSVC\14.29.30133\include\initializer_list(60): message : см. объявление "std::end"
D:\Навчання\ЛБ1\ЛБ1.cpp(151,1): error C3536: <begin>$L0: не может использоваться до инициализации
D:\Навчання\ЛБ1\ЛБ1.cpp(151,1): error C3536: <end>$L0: не может использоваться до инициализации
D:\Навчання\ЛБ1\ЛБ1.cpp(151,25): error C2100: недопустимое косвенное обращение
D:\Навчання\ЛБ1\ЛБ1.cpp(153,22): error C2672: "std::max_element": не найдена соответствующая перегруженная функция
D:\Навчання\ЛБ1\ЛБ1.cpp(153,1): error C2780: _FwdIt std::max_element(_FwdIt,_FwdIt): требует аргументов: 2, имеется: 1
C:\Program Files (x86)\Microsoft Visual Studio\2019\Enterprise\VC\Tools\MSVC\14.29.30133\include\algorithm(8873): message : см. объявление "std::max_element"
D:\Навчання\ЛБ1\ЛБ1.cpp(153,1): error C2780: _FwdIt std::max_element(_FwdIt,_FwdIt,_Pr): требует аргументов: 3, имеется: 1
C:\Program Files (x86)\Microsoft Visual Studio\2019\Enterprise\VC\Tools\MSVC\14.29.30133\include\algorithm(8866): message : см. объявление "std::max_element"
D:\Навчання\ЛБ1\ЛБ1.cpp(154,1): error C3536: max: не может использоваться до инициализации
D:\Навчання\ЛБ1\ЛБ1.cpp(163,15): warning C4244: аргумент: преобразование "time_t" в "unsigned int", возможна потеря данных
